mode: count
jwt-enabled-api/internal/auth/parse.go:14.30,18.64 3 0
jwt-enabled-api/internal/auth/parse.go:22.2,24.47 2 0
jwt-enabled-api/internal/auth/parse.go:18.64,20.3 1 0
jwt-enabled-api/internal/auth/auth.go:36.9,43.2 1 4
jwt-enabled-api/internal/auth/auth.go:52.50,65.16 4 3
jwt-enabled-api/internal/auth/auth.go:68.2,68.30 1 3
jwt-enabled-api/internal/auth/auth.go:65.16,67.3 1 0
jwt-enabled-api/internal/auth/auth.go:71.89,74.16 2 1
jwt-enabled-api/internal/auth/auth.go:77.2,79.38 2 1
jwt-enabled-api/internal/auth/auth.go:74.16,76.3 1 0
jwt-enabled-api/internal/auth/auth.go:82.71,84.45 1 2
jwt-enabled-api/internal/auth/auth.go:94.2,96.16 3 2
jwt-enabled-api/internal/auth/auth.go:99.2,99.18 1 1
jwt-enabled-api/internal/auth/auth.go:102.2,102.28 1 1
jwt-enabled-api/internal/auth/auth.go:84.45,85.49 1 2
jwt-enabled-api/internal/auth/auth.go:91.3,91.41 1 2
jwt-enabled-api/internal/auth/auth.go:85.49,90.4 1 0
jwt-enabled-api/internal/auth/auth.go:96.16,98.3 1 1
jwt-enabled-api/internal/auth/auth.go:99.18,101.3 1 0
jwt-enabled-api/internal/dto/request.go:9.50,18.2 1 0
jwt-enabled-api/internal/dto/request.go:27.45,36.2 1 0
jwt-enabled-api/internal/dto/request.go:45.44,54.2 1 0
jwt-enabled-api/internal/dto/request.go:64.45,73.2 1 0
jwt-enabled-api/internal/dto/request.go:81.51,90.2 1 3
jwt-enabled-api/internal/dto/request.go:100.35,108.2 1 0
